# JRE version: Java(TM) SE Runtime Environment (8.0_291-b10) (build 1.8.0_291-b10)
# Java VM: Java HotSpot(TM) 64-Bit Server VM (25.291-b10 mixed mode linux-amd64 compressed oops)
Heap:
 PSYoungGen      total 279040K, used 183950K [0x0000000719180000, 0x000000072b680000, 0x00000007c0000000)
  eden space 258048K, 71% used [0x0000000719180000,0x0000000724523958,0x0000000728d80000)
  from space 20992K, 0% used [0x000000072a200000,0x000000072a200000,0x000000072b680000)
  to   space 20992K, 0% used [0x0000000728d80000,0x0000000728d80000,0x000000072a200000)
 ParOldGen       total 207360K, used 7853K [0x00000005cb400000, 0x00000005d7e80000, 0x0000000719180000)
  object space 207360K, 3% used [0x00000005cb400000,0x00000005cbbab4e8,0x00000005d7e80000)
 Metaspace       used 32258K, capacity 34672K, committed 34816K, reserved 1079296K
  class space    used 4307K, capacity 4739K, committed 4864K, reserved 1048576K
GC Heap History (6 events):
Event: 0.593 GC heap before
{Heap before GC invocations=1 (full 0):
 PSYoungGen      total 150016K, used 129024K [0x0000000719180000, 0x0000000723880000, 0x00000007c0000000)
  eden space 129024K, 100% used [0x0000000719180000,0x0000000720f80000,0x0000000720f80000)
  from space 20992K, 0% used [0x0000000722400000,0x0000000722400000,0x0000000723880000)
  to   space 20992K, 0% used [0x0000000720f80000,0x0000000720f80000,0x0000000722400000)
 ParOldGen       total 343040K, used 0K [0x00000005cb400000, 0x00000005e0300000, 0x0000000719180000)
  object space 343040K, 0% used [0x00000005cb400000,0x00000005cb400000,0x00000005e0300000)
 Metaspace       used 18626K, capacity 19598K, committed 19840K, reserved 1067008K
  class space    used 2452K, capacity 2664K, committed 2688K, reserved 1048576K
Event: 0.599 GC heap after
Heap after GC invocations=1 (full 0):
 PSYoungGen      total 150016K, used 14216K [0x0000000719180000, 0x000000072b680000, 0x00000007c0000000)
  eden space 129024K, 0% used [0x0000000719180000,0x0000000719180000,0x0000000720f80000)
  from space 20992K, 67% used [0x0000000720f80000,0x0000000721d621b0,0x0000000722400000)
  to   space 20992K, 0% used [0x000000072a200000,0x000000072a200000,0x000000072b680000)
 ParOldGen       total 343040K, used 24K [0x00000005cb400000, 0x00000005e0300000, 0x0000000719180000)
  object space 343040K, 0% used [0x00000005cb400000,0x00000005cb406000,0x00000005e0300000)
 Metaspace       used 18626K, capacity 19598K, committed 19840K, reserved 1067008K
  class space    used 2452K, capacity 2664K, committed 2688K, reserved 1048576K
}
Event: 0.738 GC heap before
{Heap before GC invocations=2 (full 0):
 PSYoungGen      total 150016K, used 62217K [0x0000000719180000, 0x000000072b680000, 0x00000007c0000000)
  eden space 129024K, 37% used [0x0000000719180000,0x000000071c060250,0x0000000720f80000)
  from space 20992K, 67% used [0x0000000720f80000,0x0000000721d621b0,0x0000000722400000)
  to   space 20992K, 0% used [0x000000072a200000,0x000000072a200000,0x000000072b680000)
 ParOldGen       total 343040K, used 24K [0x00000005cb400000, 0x00000005e0300000, 0x0000000719180000)
  object space 343040K, 0% used [0x00000005cb400000,0x00000005cb406000,0x00000005e0300000)
 Metaspace       used 20102K, capacity 21160K, committed 21296K, reserved 1067008K
  class space    used 2671K, capacity 2920K, committed 2944K, reserved 1048576K
Event: 0.742 GC heap after
Heap after GC invocations=2 (full 0):
 PSYoungGen      total 279040K, used 8208K [0x0000000719180000, 0x000000072b680000, 0x00000007c0000000)
  eden space 258048K, 0% used [0x0000000719180000,0x0000000719180000,0x0000000728d80000)
  from space 20992K, 39% used [0x000000072a200000,0x000000072aa04098,0x000000072b680000)
  to   space 20992K, 0% used [0x0000000728d80000,0x0000000728d80000,0x000000072a200000)
 ParOldGen       total 343040K, used 40K [0x00000005cb400000, 0x00000005e0300000, 0x0000000719180000)
  object space 343040K, 0% used [0x00000005cb400000,0x00000005cb40a000,0x00000005e0300000)
 Metaspace       used 20102K, capacity 21160K, committed 21296K, reserved 1067008K
  class space    used 2671K, capacity 2920K, committed 2944K, reserved 1048576K
}
Event: 0.742 GC heap before
{Heap before GC invocations=3 (full 1):
 PSYoungGen      total 279040K, used 8208K [0x0000000719180000, 0x000000072b680000, 0x00000007c0000000)
  eden space 258048K, 0% used [0x0000000719180000,0x0000000719180000,0x0000000728d80000)
  from space 20992K, 39% used [0x000000072a200000,0x000000072aa04098,0x000000072b680000)
  to   space 20992K, 0% used [0x0000000728d80000,0x0000000728d80000,0x000000072a200000)
 ParOldGen       total 343040K, used 40K [0x00000005cb400000, 0x00000005e0300000, 0x0000000719180000)
  object space 343040K, 0% used [0x00000005cb400000,0x00000005cb40a000,0x00000005e0300000)
 Metaspace       used 20102K, capacity 21160K, committed 21296K, reserved 1067008K
  class space    used 2671K, capacity 2920K, committed 2944K, reserved 1048576K
Event: 0.758 GC heap after
Heap after GC invocations=3 (full 1):
 PSYoungGen      total 279040K, used 0K [0x0000000719180000, 0x000000072b680000, 0x00000007c0000000)
  eden space 258048K, 0% used [0x0000000719180000,0x0000000719180000,0x0000000728d80000)
  from space 20992K, 0% used [0x000000072a200000,0x000000072a200000,0x000000072b680000)
  to   space 20992K, 0% used [0x0000000728d80000,0x0000000728d80000,0x000000072a200000)
 ParOldGen       total 207360K, used 7853K [0x00000005cb400000, 0x00000005d7e80000, 0x0000000719180000)
  object space 207360K, 3% used [0x00000005cb400000,0x00000005cbbab4e8,0x00000005d7e80000)
 Metaspace       used 20102K, capacity 21160K, committed 21296K, reserved 1067008K
  class space    used 2671K, capacity 2920K, committed 2944K, reserved 1048576K
}

