# JRE version: Java(TM) SE Runtime Environment (8.0_291-b10) (build 1.8.0_291-b10)
# Java VM: Java HotSpot(TM) 64-Bit Server VM (25.291-b10 mixed mode linux-amd64 compressed oops)
Heap:
 PSYoungGen      total 150016K, used 48890K [0x0000000719180000, 0x0000000727100000, 0x00000007c0000000)
  eden space 129024K, 27% used [0x0000000719180000,0x000000071b434a10,0x0000000720f80000)
  from space 20992K, 63% used [0x0000000720f80000,0x0000000721c8a090,0x0000000722400000)
  to   space 20992K, 0% used [0x0000000725c80000,0x0000000725c80000,0x0000000727100000)
 ParOldGen       total 204800K, used 7863K [0x00000005cb400000, 0x00000005d7c00000, 0x0000000719180000)
  object space 204800K, 3% used [0x00000005cb400000,0x00000005cbbadda0,0x00000005d7c00000)
 Metaspace       used 32269K, capacity 34740K, committed 35072K, reserved 1079296K
  class space    used 4307K, capacity 4739K, committed 4864K, reserved 1048576K
GC Heap History (8 events):
Event: 0.664 GC heap before
{Heap before GC invocations=1 (full 0):
 PSYoungGen      total 150016K, used 129024K [0x0000000719180000, 0x0000000723880000, 0x00000007c0000000)
  eden space 129024K, 100% used [0x0000000719180000,0x0000000720f80000,0x0000000720f80000)
  from space 20992K, 0% used [0x0000000722400000,0x0000000722400000,0x0000000723880000)
  to   space 20992K, 0% used [0x0000000720f80000,0x0000000720f80000,0x0000000722400000)
 ParOldGen       total 343040K, used 0K [0x00000005cb400000, 0x00000005e0300000, 0x0000000719180000)
  object space 343040K, 0% used [0x00000005cb400000,0x00000005cb400000,0x00000005e0300000)
 Metaspace       used 18641K, capacity 19602K, committed 19840K, reserved 1067008K
  class space    used 2452K, capacity 2664K, committed 2688K, reserved 1048576K
Event: 0.670 GC heap after
Heap after GC invocations=1 (full 0):
 PSYoungGen      total 150016K, used 14239K [0x0000000719180000, 0x0000000723880000, 0x00000007c0000000)
  eden space 129024K, 0% used [0x0000000719180000,0x0000000719180000,0x0000000720f80000)
  from space 20992K, 67% used [0x0000000720f80000,0x0000000721d67f78,0x0000000722400000)
  to   space 20992K, 0% used [0x0000000722400000,0x0000000722400000,0x0000000723880000)
 ParOldGen       total 343040K, used 24K [0x00000005cb400000, 0x00000005e0300000, 0x0000000719180000)
  object space 343040K, 0% used [0x00000005cb400000,0x00000005cb406000,0x00000005e0300000)
 Metaspace       used 18641K, capacity 19602K, committed 19840K, reserved 1067008K
  class space    used 2452K, capacity 2664K, committed 2688K, reserved 1048576K
}
Event: 0.811 GC heap before
{Heap before GC invocations=2 (full 0):
 PSYoungGen      total 150016K, used 62249K [0x0000000719180000, 0x0000000723880000, 0x00000007c0000000)
  eden space 129024K, 37% used [0x0000000719180000,0x000000071c062608,0x0000000720f80000)
  from space 20992K, 67% used [0x0000000720f80000,0x0000000721d67f78,0x0000000722400000)
  to   space 20992K, 0% used [0x0000000722400000,0x0000000722400000,0x0000000723880000)
 ParOldGen       total 343040K, used 24K [0x00000005cb400000, 0x00000005e0300000, 0x0000000719180000)
  object space 343040K, 0% used [0x00000005cb400000,0x00000005cb406000,0x00000005e0300000)
 Metaspace       used 20116K, capacity 21228K, committed 21296K, reserved 1067008K
  class space    used 2671K, capacity 2920K, committed 2944K, reserved 1048576K
Event: 0.814 GC heap after
Heap after GC invocations=2 (full 0):
 PSYoungGen      total 150016K, used 8192K [0x0000000719180000, 0x000000072b680000, 0x00000007c0000000)
  eden space 129024K, 0% used [0x0000000719180000,0x0000000719180000,0x0000000720f80000)
  from space 20992K, 39% used [0x0000000722400000,0x0000000722c003a8,0x0000000723880000)
  to   space 20992K, 0% used [0x0000000720f80000,0x0000000720f80000,0x0000000722400000)
 ParOldGen       total 343040K, used 32K [0x00000005cb400000, 0x00000005e0300000, 0x0000000719180000)
  object space 343040K, 0% used [0x00000005cb400000,0x00000005cb408000,0x00000005e0300000)
 Metaspace       used 20116K, capacity 21228K, committed 21296K, reserved 1067008K
  class space    used 2671K, capacity 2920K, committed 2944K, reserved 1048576K
}
Event: 0.814 GC heap before
{Heap before GC invocations=3 (full 1):
 PSYoungGen      total 150016K, used 8192K [0x0000000719180000, 0x000000072b680000, 0x00000007c0000000)
  eden space 129024K, 0% used [0x0000000719180000,0x0000000719180000,0x0000000720f80000)
  from space 20992K, 39% used [0x0000000722400000,0x0000000722c003a8,0x0000000723880000)
  to   space 20992K, 0% used [0x0000000720f80000,0x0000000720f80000,0x0000000722400000)
 ParOldGen       total 343040K, used 32K [0x00000005cb400000, 0x00000005e0300000, 0x0000000719180000)
  object space 343040K, 0% used [0x00000005cb400000,0x00000005cb408000,0x00000005e0300000)
 Metaspace       used 20116K, capacity 21228K, committed 21296K, reserved 1067008K
  class space    used 2671K, capacity 2920K, committed 2944K, reserved 1048576K
Event: 0.827 GC heap after
Heap after GC invocations=3 (full 1):
 PSYoungGen      total 150016K, used 0K [0x0000000719180000, 0x000000072b680000, 0x00000007c0000000)
  eden space 129024K, 0% used [0x0000000719180000,0x0000000719180000,0x0000000720f80000)
  from space 20992K, 0% used [0x0000000722400000,0x0000000722400000,0x0000000723880000)
  to   space 20992K, 0% used [0x0000000720f80000,0x0000000720f80000,0x0000000722400000)
 ParOldGen       total 204800K, used 7855K [0x00000005cb400000, 0x00000005d7c00000, 0x0000000719180000)
  object space 204800K, 3% used [0x00000005cb400000,0x00000005cbbabda0,0x00000005d7c00000)
 Metaspace       used 20116K, capacity 21228K, committed 21296K, reserved 1067008K
  class space    used 2671K, capacity 2920K, committed 2944K, reserved 1048576K
}
Event: 1.259 GC heap before
{Heap before GC invocations=4 (full 1):
 PSYoungGen      total 150016K, used 129024K [0x0000000719180000, 0x000000072b680000, 0x00000007c0000000)
  eden space 129024K, 100% used [0x0000000719180000,0x0000000720f80000,0x0000000720f80000)
  from space 20992K, 0% used [0x0000000722400000,0x0000000722400000,0x0000000723880000)
  to   space 20992K, 0% used [0x0000000720f80000,0x0000000720f80000,0x0000000722400000)
 ParOldGen       total 204800K, used 7855K [0x00000005cb400000, 0x00000005d7c00000, 0x0000000719180000)
  object space 204800K, 3% used [0x00000005cb400000,0x00000005cbbabda0,0x00000005d7c00000)
 Metaspace       used 29875K, capacity 32104K, committed 32384K, reserved 1077248K
  class space    used 3993K, capacity 4388K, committed 4480K, reserved 1048576K
Event: 1.263 GC heap after
Heap after GC invocations=4 (full 1):
 PSYoungGen      total 150016K, used 13352K [0x0000000719180000, 0x0000000727100000, 0x00000007c0000000)
  eden space 129024K, 0% used [0x0000000719180000,0x0000000719180000,0x0000000720f80000)
  from space 20992K, 63% used [0x0000000720f80000,0x0000000721c8a090,0x0000000722400000)
  to   space 20992K, 0% used [0x0000000725c80000,0x0000000725c80000,0x0000000727100000)
 ParOldGen       total 204800K, used 7863K [0x00000005cb400000, 0x00000005d7c00000, 0x0000000719180000)
  object space 204800K, 3% used [0x00000005cb400000,0x00000005cbbadda0,0x00000005d7c00000)
 Metaspace       used 29875K, capacity 32104K, committed 32384K, reserved 1077248K
  class space    used 3993K, capacity 4388K, committed 4480K, reserved 1048576K
}

